
> server@0.0.1 start:dev
> nest start --watch

[2J[3J[H[[90m19:27:37[0m] Starting compilation in watch mode...

[[90m19:27:40[0m] Found 0 errors. Watching for file changes.

[32m[Nest] 221241  - [39m26/09/2025, 19:27:41 [32m    LOG[39m [38;5;3m[NestFactory] [39m[32mStarting Nest application...[39m
[32m[Nest] 221241  - [39m26/09/2025, 19:27:41 [32m    LOG[39m [38;5;3m[InstanceLoader] [39m[32mPrismaModule dependencies initialized[39m[38;5;3m +15ms[39m
[32m[Nest] 221241  - [39m26/09/2025, 19:27:41 [32m    LOG[39m [38;5;3m[InstanceLoader] [39m[32mPassportModule dependencies initialized[39m[38;5;3m +0ms[39m
[32m[Nest] 221241  - [39m26/09/2025, 19:27:41 [32m    LOG[39m [38;5;3m[InstanceLoader] [39m[32mJwtModule dependencies initialized[39m[38;5;3m +1ms[39m
[32m[Nest] 221241  - [39m26/09/2025, 19:27:41 [32m    LOG[39m [38;5;3m[InstanceLoader] [39m[32mAppModule dependencies initialized[39m[38;5;3m +1ms[39m
[32m[Nest] 221241  - [39m26/09/2025, 19:27:41 [32m    LOG[39m [38;5;3m[InstanceLoader] [39m[32mAuthModule dependencies initialized[39m[38;5;3m +0ms[39m
[32m[Nest] 221241  - [39m26/09/2025, 19:27:41 [32m    LOG[39m [38;5;3m[InstanceLoader] [39m[32mUsersModule dependencies initialized[39m[38;5;3m +1ms[39m
[32m[Nest] 221241  - [39m26/09/2025, 19:27:41 [32m    LOG[39m [38;5;3m[RoutesResolver] [39m[32mAppController {/}:[39m[38;5;3m +20ms[39m
[32m[Nest] 221241  - [39m26/09/2025, 19:27:41 [32m    LOG[39m [38;5;3m[RouterExplorer] [39m[32mMapped {/, GET} route[39m[38;5;3m +3ms[39m
[32m[Nest] 221241  - [39m26/09/2025, 19:27:41 [32m    LOG[39m [38;5;3m[RoutesResolver] [39m[32mAuthController {/auth}:[39m[38;5;3m +0ms[39m
[32m[Nest] 221241  - [39m26/09/2025, 19:27:41 [32m    LOG[39m [38;5;3m[RouterExplorer] [39m[32mMapped {/auth/register, POST} route[39m[38;5;3m +1ms[39m
[32m[Nest] 221241  - [39m26/09/2025, 19:27:41 [32m    LOG[39m [38;5;3m[RouterExplorer] [39m[32mMapped {/auth/login, POST} route[39m[38;5;3m +1ms[39m
[32m[Nest] 221241  - [39m26/09/2025, 19:27:41 [32m    LOG[39m [38;5;3m[RoutesResolver] [39m[32mUsersController {/users}:[39m[38;5;3m +0ms[39m
[32m[Nest] 221241  - [39m26/09/2025, 19:27:41 [32m    LOG[39m [38;5;3m[RouterExplorer] [39m[32mMapped {/users, POST} route[39m[38;5;3m +2ms[39m
[32m[Nest] 221241  - [39m26/09/2025, 19:27:41 [32m    LOG[39m [38;5;3m[RouterExplorer] [39m[32mMapped {/users, GET} route[39m[38;5;3m +0ms[39m
[32m[Nest] 221241  - [39m26/09/2025, 19:27:41 [32m    LOG[39m [38;5;3m[RouterExplorer] [39m[32mMapped {/users/inactive, GET} route[39m[38;5;3m +0ms[39m
[32m[Nest] 221241  - [39m26/09/2025, 19:27:41 [32m    LOG[39m [38;5;3m[RouterExplorer] [39m[32mMapped {/users/profile, GET} route[39m[38;5;3m +1ms[39m
[32m[Nest] 221241  - [39m26/09/2025, 19:27:41 [32m    LOG[39m [38;5;3m[RouterExplorer] [39m[32mMapped {/users/:id, GET} route[39m[38;5;3m +0ms[39m
[32m[Nest] 221241  - [39m26/09/2025, 19:27:41 [32m    LOG[39m [38;5;3m[RouterExplorer] [39m[32mMapped {/users/:id, PATCH} route[39m[38;5;3m +1ms[39m
[32m[Nest] 221241  - [39m26/09/2025, 19:27:41 [32m    LOG[39m [38;5;3m[RouterExplorer] [39m[32mMapped {/users/:id, DELETE} route[39m[38;5;3m +0ms[39m
[32m[Nest] 221241  - [39m26/09/2025, 19:27:41 [32m    LOG[39m [38;5;3m[NestApplication] [39m[32mNest application successfully started[39m[38;5;3m +12ms[39m
[31m[Nest] 221241  - [39m26/09/2025, 19:28:38 [31m  ERROR[39m [38;5;3m[ExceptionsHandler] [39mPrismaClientKnownRequestError: 
Invalid `this.prisma.user.create()` invocation in
/home/wesley/projetos/conectar/Teste-NestJS-e-Flutter-Gerenciamento-de-Usuarios/server/src/auth/auth.service.ts:17:41

  14 
  15 async register(registerDto: RegisterDto) {
  16   const hashedPassword = await bcrypt.hash(registerDto.password, 10);
→ 17   const user = await this.prisma.user.create(
Unique constraint failed on the fields: (`email`)
    at ei.handleRequestError [90m(/home/wesley/projetos/conectar/Teste-NestJS-e-Flutter-Gerenciamento-de-Usuarios/server/[39mgenerated/prisma/runtime/library.js:124:7268[90m)[39m
    at ei.handleAndLogRequestError [90m(/home/wesley/projetos/conectar/Teste-NestJS-e-Flutter-Gerenciamento-de-Usuarios/server/[39mgenerated/prisma/runtime/library.js:124:6593[90m)[39m
    at ei.request [90m(/home/wesley/projetos/conectar/Teste-NestJS-e-Flutter-Gerenciamento-de-Usuarios/server/[39mgenerated/prisma/runtime/library.js:124:6300[90m)[39m
    at async a [90m(/home/wesley/projetos/conectar/Teste-NestJS-e-Flutter-Gerenciamento-de-Usuarios/server/[39mgenerated/prisma/runtime/library.js:133:9551[90m)[39m
    at async AuthService.register [90m(/home/wesley/projetos/conectar/Teste-NestJS-e-Flutter-Gerenciamento-de-Usuarios/server/[39msrc/auth/auth.service.ts:17:18[90m)[39m
    at async [90m/home/wesley/projetos/conectar/Teste-NestJS-e-Flutter-Gerenciamento-de-Usuarios/server/[39mnode_modules/[4m@nestjs/core[24m/router/router-execution-context.js:46:28
    at async [90m/home/wesley/projetos/conectar/Teste-NestJS-e-Flutter-Gerenciamento-de-Usuarios/server/[39mnode_modules/[4m@nestjs/core[24m/router/router-proxy.js:9:17 {
  code: [32m'P2002'[39m,
  meta: {
    modelName: [32m'User'[39m,
    target: [
      [32m'email'[39m
    ]
  },
  clientVersion: [32m'6.16.2'[39m
}
